Removed Pin From Net: NetName=GND Pin=CR3-2
Removed Pin From Net: NetName=GND Pin=CR4-1
Removed Pin From Net: NetName=GND Pin=J13-3
Removed Pin From Net: NetName=GND Pin=J14-3
Removed Pin From Net: NetName=GND Pin=J15-3
Removed Pin From Net: NetName=GND Pin=J16-3
Removed Pin From Net: NetName=GND Pin=R3-1
Removed Pin From Net: NetName=GND Pin=R7-1
Removed Pin From Net: NetName=GND Pin=R9-2
Removed Pin From Net: NetName=GND Pin=U6-6
Added Pin To Net: NetName=GND Pin=CR4-2
Added Pin To Net: NetName=RS485_A Pin=CR3-2
Added Pin To Net: NetName=RS485_A Pin=CR4-1
Added Pin To Net: NetName=RS485_A Pin=J13-3
Added Pin To Net: NetName=RS485_A Pin=J14-3
Added Pin To Net: NetName=RS485_A Pin=J15-3
Added Pin To Net: NetName=RS485_A Pin=J16-3
Added Pin To Net: NetName=RS485_A Pin=R3-1
Added Pin To Net: NetName=RS485_A Pin=R7-1
Added Pin To Net: NetName=RS485_A Pin=R9-2
Added Pin To Net: NetName=RS485_A Pin=U6-6
Added Net: Name=RS485_A
