Removed Pin From Net: NetName=P0.00 Pin=SB1-2
Removed Pin From Net: NetName=P0.01 Pin=SB3-2
Removed Pin From Net: NetName=P0.05 Pin=SB5-2
Removed Pin From Net: NetName=P0.06 Pin=SB6-2
Removed Pin From Net: NetName=P0.07 Pin=SB7-2
Removed Pin From Net: NetName=P0.08 Pin=SB8-2
Removed Member From Class: ClassName=sheet1_mcu Member=SB1
Removed Member From Class: ClassName=sheet1_mcu Member=SB2
Removed Member From Class: ClassName=sheet1_mcu Member=SB3
Removed Member From Class: ClassName=sheet1_mcu Member=SB4
Removed Member From Class: ClassName=sheet1_mcu Member=SB5
Removed Member From Class: ClassName=sheet1_mcu Member=SB6
Removed Member From Class: ClassName=sheet1_mcu Member=SB7
Removed Member From Class: ClassName=sheet1_mcu Member=SB8
Added Pin To Net: NetName=P0.00 Pin=C3-2
Added Pin To Net: NetName=P0.01 Pin=C11-2
Added Pin To Net: NetName=P0.00 Pin=U1-2
Added Pin To Net: NetName=P0.01 Pin=U1-3
Added Pin To Net: NetName=P0.00 Pin=X2-1
Added Pin To Net: NetName=P0.01 Pin=X2-2
