Change Net Name : Old Net Name=NetCR2_2 New Net Name=RS485_B
Change Net Name : Old Net Name=NetJ2_3 New Net Name=I2C_SDA
Change Net Name : Old Net Name=NetJ2_5 New Net Name=I2C_SCL
Change Net Name : Old Net Name=NetJ2_7 New Net Name=GPIO_4
Change Net Name : Old Net Name=NetJ2_11 New Net Name=GPIO_17
Change Net Name : Old Net Name=NetJ2_12 New Net Name=GPIO_18
Change Net Name : Old Net Name=NetJ2_13 New Net Name=GPIO_27
Change Net Name : Old Net Name=NetJ2_19 New Net Name=SPI_MOSI
Change Net Name : Old Net Name=NetJ2_21 New Net Name=SPI_MISO
Change Net Name : Old Net Name=NetJ2_23 New Net Name=SPI_SCLK
Change Net Name : Old Net Name=NetJ2_24 New Net Name=SPI_CEO
Change Net Name : Old Net Name=NetJ2_26 New Net Name=SPI_CE1
Change Net Name : Old Net Name=NetJ2_27 New Net Name=UART1_TXD
Change Net Name : Old Net Name=NetJ2_28 New Net Name=UART1_RXD
Change Net Name : Old Net Name=NetJ3_3 New Net Name=analog_PAR0_output
Change Net Name : Old Net Name=NetJ4_3 New Net Name=analog_PAR1_output
Change Net Name : Old Net Name=NetJ5_3 New Net Name=wind_sensor_output
Change Net Name : Old Net Name=NetJ6_3 New Net Name=channel_3_input
Change Net Name : Old Net Name=NetJ7_3 New Net Name=channel_4_input
Change Net Name : Old Net Name=NetSB5_1 New Net Name=D17
Change Net Name : Old Net Name=NetSB6_1 New Net Name=D18
Change Net Name : Old Net Name=NetSB7_1 New Net Name=D19
Change Net Name : Old Net Name=NetSB8_1 New Net Name=D20
Change Net Name : Old Net Name=NetSB9_2 New Net Name=IOEXP_IRQ
Change Net Name : Old Net Name=NetSB10_1 New Net Name=RESET_PIN
