Removed Pin From Net: NetName=VDD_nRF Pin=C7-1
Removed Pin From Net: NetName=GND Pin=C7-2
Removed Pin From Net: NetName=VDD_nRF Pin=C9-1
Removed Pin From Net: NetName=GND Pin=C9-2
Removed Pin From Net: NetName=+12 Pin=C21-2
Removed Pin From Net: NetName=+12 Pin=C24-2
Removed Pin From Net: NetName=+12 Pin=C25-2
Removed Pin From Net: NetName=VDD_nRF Pin=U1-36
Removed Pin From Net: NetName=VDD_nRF Pin=U1-48
Removed Pin From Net: NetName=+5 Pin=U5-15
Removed Pin From Net: NetName=+5 Pin=U5-16
Removed Member From Class: ClassName=sheet4_power Member=C21
Removed Member From Class: ClassName=sheet3_data Member=C23
Removed Member From Class: ClassName=sheet4_power Member=C24
Removed Member From Class: ClassName=sheet4_power Member=C25
Change Component Footprint: Designator=C24 Old Footprint=CAPC0805(2012)145_L New Footprint=CAPC1608X06L
Change Component Footprint: Designator=C9 Old Footprint=CAPC1005X04L New Footprint=CAPC0805(2012)145_L
Change Component Footprint: Designator=C23 Old Footprint=CAPC1005X56X25LL10T15 New Footprint=CAPC0805(2012)145_L
Change Component Footprint: Designator=C7 Old Footprint=CAPC1608X06L New Footprint=CAPC0805(2012)145_L
Change Component Footprint: Designator=C26 Old Footprint=CAPC1608X06L New Footprint=CAPC350280_280N_KEM
Change Component Footprint: Designator=C27 Old Footprint=CAPC1608X06L New Footprint=CAPC350280_280N_KEM
Change Component Comment : Designator=C9 Old Comment= New Comment=Capacitor 22µF +/-40% 16V 0805
Change Component Comment : Designator=C7 Old Comment= New Comment=Capacitor 100µF +/-20% 6.3V 0805
Change Component Comment : Designator=C27 Old Comment=1.0µF New Comment=C1210C107M4PACTU
Change Component Comment : Designator=C26 Old Comment=4.7µF New Comment=C1210C107M4PACTU
Change Component Comment : Designator=C25 Old Comment=10µF New Comment=4.7µF
Change Component Comment : Designator=C23 Old Comment=Capacitor 0.1 uF +/- 5% 16 V 0402 New Comment=Capacitor 22µF +/-40% 16V 0805
Change Component Comment : Designator=C24 Old Comment=Capacitor 100µF +/-20% 6.3V 0805 New Comment=10µF
Change Managed Component Library Link : Designator=C23 Old VaultGUID=A974E7B8-86B8-4B3D-8C34-56F97AD8B533 New VaultGUID=A974E7B8-86B8-4B3D-8C34-56F97AD8B533 Old ItemGUID=9732ECB6-AABE-4B64-899E-A22EAD592B62 New ItemGUID=88947F44-1C88-437A-BDB1-4CADBAC55961 Old RevisionGUID=D65AF465-C00E-4AFB-9B52-94EAC8926E16 New RevisionGUID=1BA880BE-61E8-42F2-889A-6AF8A514EBDA
Change Managed Component Library Link : Designator=C7 Old VaultGUID= New VaultGUID=A974E7B8-86B8-4B3D-8C34-56F97AD8B533 Old ItemGUID= New ItemGUID=E16962E6-7FD7-4B69-80C3-699D070AB7B1 Old RevisionGUID= New RevisionGUID=EA2F8D56-2F2E-4104-BE2A-8ED42B59D585
Change Managed Component Library Link : Designator=C9 Old VaultGUID= New VaultGUID=A974E7B8-86B8-4B3D-8C34-56F97AD8B533 Old ItemGUID= New ItemGUID=88947F44-1C88-437A-BDB1-4CADBAC55961 Old RevisionGUID= New RevisionGUID=1BA880BE-61E8-42F2-889A-6AF8A514EBDA
Change Managed Component Library Link : Designator=C24 Old VaultGUID=A974E7B8-86B8-4B3D-8C34-56F97AD8B533 New VaultGUID= Old ItemGUID=E16962E6-7FD7-4B69-80C3-699D070AB7B1 New ItemGUID= Old RevisionGUID=EA2F8D56-2F2E-4104-BE2A-8ED42B59D585 New RevisionGUID=
Change Managed Component Library Link : Designator=C26 Old VaultGUID= New VaultGUID=A974E7B8-86B8-4B3D-8C34-56F97AD8B533 Old ItemGUID= New ItemGUID=73792D77-02AA-4E20-922F-9BB36D200CA6 Old RevisionGUID= New RevisionGUID=4664E79A-4D67-4F09-B790-85F4B0E2B223
Change Managed Component Library Link : Designator=C27 Old VaultGUID= New VaultGUID=A974E7B8-86B8-4B3D-8C34-56F97AD8B533 Old ItemGUID= New ItemGUID=73792D77-02AA-4E20-922F-9BB36D200CA6 Old RevisionGUID= New RevisionGUID=4664E79A-4D67-4F09-B790-85F4B0E2B223
Change component parameters: Designator = "C7" ("C7"); Footprint = "CAPC1608X06L"; UniqueID = "\JQFATFBW" ("\JQFATFBW")
Change component parameters (AddParameter): Name = "Capacitor Type"; Value = ""; VariantName = "[No Variations]"
Change component parameters (AddParameter): Name = "Case/Package"; Value = "0805"; VariantName = "[No Variations]"
Change component parameters (AddParameter): Name = "Max Operating Temperature"; Value = "85°C"; VariantName = "[No Variations]"
Change component parameters (AddParameter): Name = "Min Operating Temperature"; Value = "-55°C"; VariantName = "[No Variations]"
Change component parameters (AddParameter): Name = "Mounting Technology"; Value = "SMT"; VariantName = "[No Variations]"
Change component parameters (AddParameter): Name = "Pins"; Value = "2"; VariantName = "[No Variations]"
Change component parameters (AddParameter): Name = "Ripple Current"; Value = ""; VariantName = "[No Variations]"
Change component parameters (AddParameter): Name = "Ripple Current (AC)"; Value = ""; VariantName = "[No Variations]"
Change component parameters (AddParameter): Name = "RoHS Compliant"; Value = ""; VariantName = "[No Variations]"
Change component parameters (AddParameter): Name = "Tolerance"; Value = "10%"; VariantName = "[No Variations]"
Change component parameters (AddParameter): Name = "Value"; Value = "100µF"; VariantName = "[No Variations]"
Change component parameters (AddParameter): Name = "Voltage Rating"; Value = "6.3V"; VariantName = "[No Variations]"
Change component parameters: Designator = "C9" ("C9"); Footprint = "CAPC1005X04L"; UniqueID = "\FRDOKDJP" ("\FRDOKDJP")
Change component parameters (AddParameter): Name = "Capacitor Type"; Value = ""; VariantName = "[No Variations]"
Change component parameters (AddParameter): Name = "Case/Package"; Value = "0805"; VariantName = "[No Variations]"
Change component parameters (AddParameter): Name = "Max Operating Temperature"; Value = "85°C"; VariantName = "[No Variations]"
Change component parameters (AddParameter): Name = "Min Operating Temperature"; Value = "-55°C"; VariantName = "[No Variations]"
Change component parameters (AddParameter): Name = "Mounting Technology"; Value = "SMT"; VariantName = "[No Variations]"
Change component parameters (AddParameter): Name = "Pins"; Value = "2"; VariantName = "[No Variations]"
Change component parameters (AddParameter): Name = "Ripple Current"; Value = ""; VariantName = "[No Variations]"
Change component parameters (AddParameter): Name = "Ripple Current (AC)"; Value = ""; VariantName = "[No Variations]"
Change component parameters (AddParameter): Name = "RoHS Compliant"; Value = ""; VariantName = "[No Variations]"
Change component parameters (AddParameter): Name = "Tolerance"; Value = "5%"; VariantName = "[No Variations]"
Change component parameters (AddParameter): Name = "Value"; Value = "22µF"; VariantName = "[No Variations]"
Change component parameters (AddParameter): Name = "Voltage Rating"; Value = "16V"; VariantName = "[No Variations]"
Change component parameters: Designator = "C23" ("C23"); Footprint = "CAPC1005X56X25LL10T15"; UniqueID = "\DTMYPHPJ" ("\DTMYPHPJ")
Change component parameters (AddParameter): Name = "Capacitor Type"; Value = ""; VariantName = "[No Variations]"
Change component parameters (AddParameter): Name = "Case/Package"; Value = "0805"; VariantName = "[No Variations]"
Change component parameters (AddParameter): Name = "Max Operating Temperature"; Value = "85°C"; VariantName = "[No Variations]"
Change component parameters (AddParameter): Name = "Min Operating Temperature"; Value = "-55°C"; VariantName = "[No Variations]"
Change component parameters (AddParameter): Name = "Mounting Technology"; Value = "SMT"; VariantName = "[No Variations]"
Change component parameters (AddParameter): Name = "Pins"; Value = "2"; VariantName = "[No Variations]"
Change component parameters (AddParameter): Name = "Ripple Current"; Value = ""; VariantName = "[No Variations]"
Change component parameters (AddParameter): Name = "Ripple Current (AC)"; Value = ""; VariantName = "[No Variations]"
Change component parameters (AddParameter): Name = "RoHS Compliant"; Value = ""; VariantName = "[No Variations]"
Change component parameters (AddParameter): Name = "Tolerance"; Value = "5%"; VariantName = "[No Variations]"
Change component parameters (AddParameter): Name = "Value"; Value = "22µF"; VariantName = "[No Variations]"
Change component parameters (AddParameter): Name = "Voltage Rating"; Value = "16V"; VariantName = "[No Variations]"
Change component parameters: Designator = "C24" ("C24"); Footprint = "CAPC0805(2012)145_L"; UniqueID = "\KKLBQXYE" ("\KKLBQXYE")
Change component parameters (AddParameter): Name = "Artikkelnr Noca"; Value = "20039234"; VariantName = "[No Variations]"
Change component parameters (AddParameter): Name = "Assembly"; Value = ""; VariantName = "[No Variations]"
Change component parameters (AddParameter): Name = "Author"; Value = "rsk"; VariantName = "[No Variations]"
Change component parameters (AddParameter): Name = "Component Class"; Value = "Capacitors"; VariantName = "[No Variations]"
Change component parameters (AddParameter): Name = "ComponentLink1Description"; Value = "Datasheet"; VariantName = "[No Variations]"
Change component parameters (AddParameter): Name = "ComponentLink1URL"; Value = "N.A."; VariantName = "[No Variations]"
Change component parameters (AddParameter): Name = "ComponentLink2Description"; Value = "Supplier link"; VariantName = "[No Variations]"
Change component parameters (AddParameter): Name = "ComponentLink2URL"; Value = "N.A."; VariantName = "[No Variations]"
Change component parameters (AddParameter): Name = "Footprint Doc"; Value = "0603"; VariantName = "[No Variations]"
Change component parameters (AddParameter): Name = "HelpURL"; Value = "N.A."; VariantName = "[No Variations]"
Change component parameters (AddParameter): Name = "LatestRevisionDate"; Value = "2011-01-17"; VariantName = "[No Variations]"
Change component parameters (AddParameter): Name = "Manufacturer"; Value = "N.A."; VariantName = "[No Variations]"
Change component parameters (AddParameter): Name = "Manufacturer Part Number"; Value = "N.A."; VariantName = "[No Variations]"
Change component parameters (AddParameter): Name = "Note"; Value = "6.3V"; VariantName = "[No Variations]"
Change component parameters (AddParameter): Name = "Pad Count"; Value = "2"; VariantName = "[No Variations]"
Change component parameters (AddParameter): Name = "Part Number"; Value = "C0603-10µ"; VariantName = "[No Variations]"
Change component parameters (AddParameter): Name = "Part number IPS"; Value = "00000007785"; VariantName = "[No Variations]"
Change component parameters (AddParameter): Name = "Part number Norautron"; Value = "N.A."; VariantName = "[No Variations]"
Change component parameters (AddParameter): Name = "PartId"; Value = "100200275"; VariantName = "[No Variations]"
Change component parameters (AddParameter): Name = "Published"; Value = "2011-01-17"; VariantName = "[No Variations]"
Change component parameters (AddParameter): Name = "Supplier 1"; Value = "N.A."; VariantName = "[No Variations]"
Change component parameters (AddParameter): Name = "Supplier 2"; Value = "N.A."; VariantName = "[No Variations]"
Change component parameters (AddParameter): Name = "Supplier Part Number 1"; Value = "N.A."; VariantName = "[No Variations]"
Change component parameters (AddParameter): Name = "Supplier Part Number 2"; Value = "N.A."; VariantName = "[No Variations]"
Change component parameters (AddParameter): Name = "Value"; Value = "10µF"; VariantName = "[No Variations]"
Change component parameters: Designator = "C25" ("C25"); Footprint = "CAPC1608X06L"; UniqueID = "\AWVZWYYW" ("\AWVZWYYW")
Change component parameters (AddParameter): Name = "Artikkelnr Noca"; Value = "20030013"; VariantName = "[No Variations]"
Change component parameters (AddParameter): Name = "Assembly"; Value = ""; VariantName = "[No Variations]"
Change component parameters (AddParameter): Name = "Author"; Value = "rsk"; VariantName = "[No Variations]"
Change component parameters (AddParameter): Name = "Component Class"; Value = "Capacitors"; VariantName = "[No Variations]"
Change component parameters (AddParameter): Name = "ComponentLink1Description"; Value = "Datasheet"; VariantName = "[No Variations]"
Change component parameters (AddParameter): Name = "ComponentLink1URL"; Value = "N.A."; VariantName = "[No Variations]"
Change component parameters (AddParameter): Name = "ComponentLink2Description"; Value = "Supplier link"; VariantName = "[No Variations]"
Change component parameters (AddParameter): Name = "ComponentLink2URL"; Value = "N.A."; VariantName = "[No Variations]"
Change component parameters (AddParameter): Name = "Footprint Doc"; Value = "0603"; VariantName = "[No Variations]"
Change component parameters (AddParameter): Name = "HelpURL"; Value = "N.A."; VariantName = "[No Variations]"
Change component parameters (AddParameter): Name = "LatestRevisionDate"; Value = "2016-08-15"; VariantName = "[No Variations]"
Change component parameters (AddParameter): Name = "Manufacturer"; Value = "N.A."; VariantName = "[No Variations]"
Change component parameters (AddParameter): Name = "Manufacturer Part Number"; Value = "N.A."; VariantName = "[No Variations]"
Change component parameters (AddParameter): Name = "Note"; Value = "10V"; VariantName = "[No Variations]"
Change component parameters (AddParameter): Name = "Pad Count"; Value = "2"; VariantName = "[No Variations]"
Change component parameters (AddParameter): Name = "Part Number"; Value = "C0603-4µ7-10V-X7S"; VariantName = "[No Variations]"
Change component parameters (AddParameter): Name = "Part number IPS"; Value = "00000001779"; VariantName = "[No Variations]"
Change component parameters (AddParameter): Name = "Part number Norautron"; Value = "N.A."; VariantName = "[No Variations]"
Change component parameters (AddParameter): Name = "PartId"; Value = "100200351"; VariantName = "[No Variations]"
Change component parameters (AddParameter): Name = "Published"; Value = "2016-08-15"; VariantName = "[No Variations]"
Change component parameters (AddParameter): Name = "Supplier 1"; Value = "Digi-Key"; VariantName = "[No Variations]"
Change component parameters (AddParameter): Name = "Supplier 2"; Value = "N.A."; VariantName = "[No Variations]"
Change component parameters (AddParameter): Name = "Supplier Part Number 1"; Value = "445-14258-1-ND"; VariantName = "[No Variations]"
Change component parameters (AddParameter): Name = "Supplier Part Number 2"; Value = "N.A."; VariantName = "[No Variations]"
Change component parameters (AddParameter): Name = "Value"; Value = "4.7µF"; VariantName = "[No Variations]"
Change component parameters: Designator = "C26" ("C26"); Footprint = "CAPC1608X06L"; UniqueID = "\ABKOSZXI" ("\ABKOSZXI")
Change component parameters (AddParameter): Name = "Copyright"; Value = "Copyright (C) 2025 Ultra Librarian. All rights reserved."; VariantName = "[No Variations]"
Change component parameters (AddParameter): Name = "Datasheet"; Value = "https://content.kemet.com/datasheets/KEM_C1006_X5R_SMD.pdf"; VariantName = "[No Variations]"
Change component parameters (AddParameter): Name = "Design Item ID"; Value = "C1210C107M4PACTU"; VariantName = "[No Variations]"
Change component parameters (AddParameter): Name = "Manufacturer_Name"; Value = "Kemet"; VariantName = "[No Variations]"
Change component parameters (AddParameter): Name = "Manufacturer_Part_Number"; Value = "C1210C107M4PACTU"; VariantName = "[No Variations]"
Change component parameters (AddParameter): Name = "RefDes"; Value = ""; VariantName = "[No Variations]"
Change component parameters (AddParameter): Name = "Source"; Value = "C1210C107M4PACTU.SchLib"; VariantName = "[No Variations]"
Change component parameters (AddParameter): Name = "Type"; Value = ""; VariantName = "[No Variations]"
Change component parameters (AddParameter): Name = "Value"; Value = "100µF"; VariantName = "[No Variations]"
Change component parameters: Designator = "C27" ("C27"); Footprint = "CAPC1608X06L"; UniqueID = "\QGTRQOBY" ("\QGTRQOBY")
Change component parameters (AddParameter): Name = "Copyright"; Value = "Copyright (C) 2025 Ultra Librarian. All rights reserved."; VariantName = "[No Variations]"
Change component parameters (AddParameter): Name = "Datasheet"; Value = "https://content.kemet.com/datasheets/KEM_C1006_X5R_SMD.pdf"; VariantName = "[No Variations]"
Change component parameters (AddParameter): Name = "Design Item ID"; Value = "C1210C107M4PACTU"; VariantName = "[No Variations]"
Change component parameters (AddParameter): Name = "Manufacturer_Name"; Value = "Kemet"; VariantName = "[No Variations]"
Change component parameters (AddParameter): Name = "Manufacturer_Part_Number"; Value = "C1210C107M4PACTU"; VariantName = "[No Variations]"
Change component parameters (AddParameter): Name = "RefDes"; Value = ""; VariantName = "[No Variations]"
Change component parameters (AddParameter): Name = "Source"; Value = "C1210C107M4PACTU.SchLib"; VariantName = "[No Variations]"
Change component parameters (AddParameter): Name = "Type"; Value = ""; VariantName = "[No Variations]"
Change component parameters (AddParameter): Name = "Value"; Value = "100µF"; VariantName = "[No Variations]"
Added Component: Designator=C17(CAPC1608X06L)
Add component (AddParameter): Name = "Artikkelnr Noca"; Value = "20039234"; VariantName = "[No Variations]"
Add component (AddParameter): Name = "Assembly"; Value = ""; VariantName = "[No Variations]"
Add component (AddParameter): Name = "Author"; Value = "rsk"; VariantName = "[No Variations]"
Add component (AddParameter): Name = "Component Class"; Value = "Capacitors"; VariantName = "[No Variations]"
Add component (AddParameter): Name = "ComponentLink1Description"; Value = "Datasheet"; VariantName = "[No Variations]"
Add component (AddParameter): Name = "ComponentLink1URL"; Value = "N.A."; VariantName = "[No Variations]"
Add component (AddParameter): Name = "ComponentLink2Description"; Value = "Supplier link"; VariantName = "[No Variations]"
Add component (AddParameter): Name = "ComponentLink2URL"; Value = "N.A."; VariantName = "[No Variations]"
Add component (AddParameter): Name = "Footprint Doc"; Value = "0603"; VariantName = "[No Variations]"
Add component (AddParameter): Name = "HelpURL"; Value = "N.A."; VariantName = "[No Variations]"
Add component (AddParameter): Name = "LatestRevisionDate"; Value = "2011-01-17"; VariantName = "[No Variations]"
Add component (AddParameter): Name = "Manufacturer"; Value = "N.A."; VariantName = "[No Variations]"
Add component (AddParameter): Name = "Manufacturer Part Number"; Value = "N.A."; VariantName = "[No Variations]"
Add component (AddParameter): Name = "Note"; Value = "6.3V"; VariantName = "[No Variations]"
Add component (AddParameter): Name = "Pad Count"; Value = "2"; VariantName = "[No Variations]"
Add component (AddParameter): Name = "Part Number"; Value = "C0603-10µ"; VariantName = "[No Variations]"
Add component (AddParameter): Name = "Part number IPS"; Value = "00000007785"; VariantName = "[No Variations]"
Add component (AddParameter): Name = "Part number Norautron"; Value = "N.A."; VariantName = "[No Variations]"
Add component (AddParameter): Name = "PartId"; Value = "100200275"; VariantName = "[No Variations]"
Add component (AddParameter): Name = "Published"; Value = "2011-01-17"; VariantName = "[No Variations]"
Add component (AddParameter): Name = "Supplier 1"; Value = "N.A."; VariantName = "[No Variations]"
Add component (AddParameter): Name = "Supplier 2"; Value = "N.A."; VariantName = "[No Variations]"
Add component (AddParameter): Name = "Supplier Part Number 1"; Value = "N.A."; VariantName = "[No Variations]"
Add component (AddParameter): Name = "Supplier Part Number 2"; Value = "N.A."; VariantName = "[No Variations]"
Add component (AddParameter): Name = "Value"; Value = "10µF"; VariantName = "[No Variations]"
Added Component: Designator=C18(CAPC1608X06L)
Add component (AddParameter): Name = "Artikkelnr Noca"; Value = "20030013"; VariantName = "[No Variations]"
Add component (AddParameter): Name = "Assembly"; Value = ""; VariantName = "[No Variations]"
Add component (AddParameter): Name = "Author"; Value = "rsk"; VariantName = "[No Variations]"
Add component (AddParameter): Name = "Component Class"; Value = "Capacitors"; VariantName = "[No Variations]"
Add component (AddParameter): Name = "ComponentLink1Description"; Value = "Datasheet"; VariantName = "[No Variations]"
Add component (AddParameter): Name = "ComponentLink1URL"; Value = "N.A."; VariantName = "[No Variations]"
Add component (AddParameter): Name = "ComponentLink2Description"; Value = "Supplier link"; VariantName = "[No Variations]"
Add component (AddParameter): Name = "ComponentLink2URL"; Value = "N.A."; VariantName = "[No Variations]"
Add component (AddParameter): Name = "Footprint Doc"; Value = "0603"; VariantName = "[No Variations]"
Add component (AddParameter): Name = "HelpURL"; Value = "N.A."; VariantName = "[No Variations]"
Add component (AddParameter): Name = "LatestRevisionDate"; Value = "2016-08-15"; VariantName = "[No Variations]"
Add component (AddParameter): Name = "Manufacturer"; Value = "N.A."; VariantName = "[No Variations]"
Add component (AddParameter): Name = "Manufacturer Part Number"; Value = "N.A."; VariantName = "[No Variations]"
Add component (AddParameter): Name = "Note"; Value = "10V"; VariantName = "[No Variations]"
Add component (AddParameter): Name = "Pad Count"; Value = "2"; VariantName = "[No Variations]"
Add component (AddParameter): Name = "Part Number"; Value = "C0603-4µ7-10V-X7S"; VariantName = "[No Variations]"
Add component (AddParameter): Name = "Part number IPS"; Value = "00000001779"; VariantName = "[No Variations]"
Add component (AddParameter): Name = "Part number Norautron"; Value = "N.A."; VariantName = "[No Variations]"
Add component (AddParameter): Name = "PartId"; Value = "100200351"; VariantName = "[No Variations]"
Add component (AddParameter): Name = "Published"; Value = "2016-08-15"; VariantName = "[No Variations]"
Add component (AddParameter): Name = "Supplier 1"; Value = "Digi-Key"; VariantName = "[No Variations]"
Add component (AddParameter): Name = "Supplier 2"; Value = "N.A."; VariantName = "[No Variations]"
Add component (AddParameter): Name = "Supplier Part Number 1"; Value = "445-14258-1-ND"; VariantName = "[No Variations]"
Add component (AddParameter): Name = "Supplier Part Number 2"; Value = "N.A."; VariantName = "[No Variations]"
Add component (AddParameter): Name = "Value"; Value = "4.7µF"; VariantName = "[No Variations]"
Added Component: Designator=C19(CAPC2013X95X50LL10T25)
Add component (AddParameter): Name = "Capacitor Type"; Value = "Ceramic"; VariantName = "[No Variations]"
Add component (AddParameter): Name = "Case/Package"; Value = "0805"; VariantName = "[No Variations]"
Add component (AddParameter): Name = "Max Operating Temperature"; Value = "125°C"; VariantName = "[No Variations]"
Add component (AddParameter): Name = "Min Operating Temperature"; Value = "-55°C"; VariantName = "[No Variations]"
Add component (AddParameter): Name = "Mounting Technology"; Value = "SM"; VariantName = "[No Variations]"
Add component (AddParameter): Name = "Pins"; Value = "2"; VariantName = "[No Variations]"
Add component (AddParameter): Name = "Ripple Current"; Value = ""; VariantName = "[No Variations]"
Add component (AddParameter): Name = "Ripple Current (AC)"; Value = ""; VariantName = "[No Variations]"
Add component (AddParameter): Name = "RoHS Compliant"; Value = "True"; VariantName = "[No Variations]"
Add component (AddParameter): Name = "Tolerance"; Value = "10%"; VariantName = "[No Variations]"
Add component (AddParameter): Name = "Value"; Value = "100nF"; VariantName = "[No Variations]"
Add component (AddParameter): Name = "Voltage Rating"; Value = "50V"; VariantName = "[No Variations]"
Added Component: Designator=C20(CAPC2013X95X50LL10T25)
Add component (AddParameter): Name = "Capacitor Type"; Value = "Ceramic"; VariantName = "[No Variations]"
Add component (AddParameter): Name = "Case/Package"; Value = "0805"; VariantName = "[No Variations]"
Add component (AddParameter): Name = "Max Operating Temperature"; Value = "125°C"; VariantName = "[No Variations]"
Add component (AddParameter): Name = "Min Operating Temperature"; Value = "-55°C"; VariantName = "[No Variations]"
Add component (AddParameter): Name = "Mounting Technology"; Value = "SM"; VariantName = "[No Variations]"
Add component (AddParameter): Name = "Pins"; Value = "2"; VariantName = "[No Variations]"
Add component (AddParameter): Name = "Ripple Current"; Value = ""; VariantName = "[No Variations]"
Add component (AddParameter): Name = "Ripple Current (AC)"; Value = ""; VariantName = "[No Variations]"
Add component (AddParameter): Name = "RoHS Compliant"; Value = "True"; VariantName = "[No Variations]"
Add component (AddParameter): Name = "Tolerance"; Value = "10%"; VariantName = "[No Variations]"
Add component (AddParameter): Name = "Value"; Value = "100nF"; VariantName = "[No Variations]"
Add component (AddParameter): Name = "Voltage Rating"; Value = "50V"; VariantName = "[No Variations]"
Added Component: Designator=C37(CAPC3216X180X50NL20T25)
Add component (AddParameter): Name = "Capacitor Type"; Value = "Ceramic"; VariantName = "[No Variations]"
Add component (AddParameter): Name = "Case/Package"; Value = "1206"; VariantName = "[No Variations]"
Add component (AddParameter): Name = "Max Operating Temperature"; Value = "125°C"; VariantName = "[No Variations]"
Add component (AddParameter): Name = "Min Operating Temperature"; Value = "-55°C"; VariantName = "[No Variations]"
Add component (AddParameter): Name = "Mounting Technology"; Value = "SM"; VariantName = "[No Variations]"
Add component (AddParameter): Name = "Pins"; Value = "2"; VariantName = "[No Variations]"
Add component (AddParameter): Name = "Ripple Current"; Value = ""; VariantName = "[No Variations]"
Add component (AddParameter): Name = "Ripple Current (AC)"; Value = ""; VariantName = "[No Variations]"
Add component (AddParameter): Name = "RoHS Compliant"; Value = "True"; VariantName = "[No Variations]"
Add component (AddParameter): Name = "Tolerance"; Value = "10%"; VariantName = "[No Variations]"
Add component (AddParameter): Name = "Value"; Value = "10µF"; VariantName = "[No Variations]"
Add component (AddParameter): Name = "Voltage Rating"; Value = "16V"; VariantName = "[No Variations]"
Added Component: Designator=C38(CAPC0805(2012)145_L)
Add component (AddParameter): Name = "Capacitor Type"; Value = ""; VariantName = "[No Variations]"
Add component (AddParameter): Name = "Case/Package"; Value = "0805"; VariantName = "[No Variations]"
Add component (AddParameter): Name = "Max Operating Temperature"; Value = "85°C"; VariantName = "[No Variations]"
Add component (AddParameter): Name = "Min Operating Temperature"; Value = "-55°C"; VariantName = "[No Variations]"
Add component (AddParameter): Name = "Mounting Technology"; Value = "SMT"; VariantName = "[No Variations]"
Add component (AddParameter): Name = "Pins"; Value = "2"; VariantName = "[No Variations]"
Add component (AddParameter): Name = "Ripple Current"; Value = ""; VariantName = "[No Variations]"
Add component (AddParameter): Name = "Ripple Current (AC)"; Value = ""; VariantName = "[No Variations]"
Add component (AddParameter): Name = "RoHS Compliant"; Value = ""; VariantName = "[No Variations]"
Add component (AddParameter): Name = "Tolerance"; Value = "20%"; VariantName = "[No Variations]"
Add component (AddParameter): Name = "Value"; Value = "4.7µF"; VariantName = "[No Variations]"
Add component (AddParameter): Name = "Voltage Rating"; Value = "25V"; VariantName = "[No Variations]"
Added Component: Designator=C39(CAPC3216X180X20ML20)
Add component (AddParameter): Name = "Capacitor Type"; Value = "Ceramic"; VariantName = "[No Variations]"
Add component (AddParameter): Name = "Case/Package"; Value = "1206"; VariantName = "[No Variations]"
Add component (AddParameter): Name = "Max Operating Temperature"; Value = "125°C"; VariantName = "[No Variations]"
Add component (AddParameter): Name = "Min Operating Temperature"; Value = "-55°C"; VariantName = "[No Variations]"
Add component (AddParameter): Name = "Mounting Technology"; Value = "SM"; VariantName = "[No Variations]"
Add component (AddParameter): Name = "Pins"; Value = "2"; VariantName = "[No Variations]"
Add component (AddParameter): Name = "Ripple Current"; Value = ""; VariantName = "[No Variations]"
Add component (AddParameter): Name = "Ripple Current (AC)"; Value = ""; VariantName = "[No Variations]"
Add component (AddParameter): Name = "RoHS Compliant"; Value = "True"; VariantName = "[No Variations]"
Add component (AddParameter): Name = "Tolerance"; Value = "10%"; VariantName = "[No Variations]"
Add component (AddParameter): Name = "Value"; Value = "1µF"; VariantName = "[No Variations]"
Add component (AddParameter): Name = "Voltage Rating"; Value = "25V"; VariantName = "[No Variations]"
Added Component: Designator=C40(CAPC0805(2012)145_L)
Add component (AddParameter): Name = "Capacitor Type"; Value = ""; VariantName = "[No Variations]"
Add component (AddParameter): Name = "Case/Package"; Value = "0805"; VariantName = "[No Variations]"
Add component (AddParameter): Name = "Max Operating Temperature"; Value = "85°C"; VariantName = "[No Variations]"
Add component (AddParameter): Name = "Min Operating Temperature"; Value = "-55°C"; VariantName = "[No Variations]"
Add component (AddParameter): Name = "Mounting Technology"; Value = "SMT"; VariantName = "[No Variations]"
Add component (AddParameter): Name = "Pins"; Value = "2"; VariantName = "[No Variations]"
Add component (AddParameter): Name = "Ripple Current"; Value = ""; VariantName = "[No Variations]"
Add component (AddParameter): Name = "Ripple Current (AC)"; Value = ""; VariantName = "[No Variations]"
Add component (AddParameter): Name = "RoHS Compliant"; Value = ""; VariantName = "[No Variations]"
Add component (AddParameter): Name = "Tolerance"; Value = "10%"; VariantName = "[No Variations]"
Add component (AddParameter): Name = "Value"; Value = "100µF"; VariantName = "[No Variations]"
Add component (AddParameter): Name = "Voltage Rating"; Value = "6.3V"; VariantName = "[No Variations]"
Added Component: Designator=C41(CAPC0805(2012)145_L)
Add component (AddParameter): Name = "Capacitor Type"; Value = ""; VariantName = "[No Variations]"
Add component (AddParameter): Name = "Case/Package"; Value = "0805"; VariantName = "[No Variations]"
Add component (AddParameter): Name = "Max Operating Temperature"; Value = "85°C"; VariantName = "[No Variations]"
Add component (AddParameter): Name = "Min Operating Temperature"; Value = "-55°C"; VariantName = "[No Variations]"
Add component (AddParameter): Name = "Mounting Technology"; Value = "SMT"; VariantName = "[No Variations]"
Add component (AddParameter): Name = "Pins"; Value = "2"; VariantName = "[No Variations]"
Add component (AddParameter): Name = "Ripple Current"; Value = ""; VariantName = "[No Variations]"
Add component (AddParameter): Name = "Ripple Current (AC)"; Value = ""; VariantName = "[No Variations]"
Add component (AddParameter): Name = "RoHS Compliant"; Value = ""; VariantName = "[No Variations]"
Add component (AddParameter): Name = "Tolerance"; Value = "5%"; VariantName = "[No Variations]"
Add component (AddParameter): Name = "Value"; Value = "22µF"; VariantName = "[No Variations]"
Add component (AddParameter): Name = "Voltage Rating"; Value = "16V"; VariantName = "[No Variations]"
Added Component: Designator=C42(CAPC1608X06L)
Add component (AddParameter): Name = "Artikkelnr Noca"; Value = "20039234"; VariantName = "[No Variations]"
Add component (AddParameter): Name = "Assembly"; Value = ""; VariantName = "[No Variations]"
Add component (AddParameter): Name = "Author"; Value = "rsk"; VariantName = "[No Variations]"
Add component (AddParameter): Name = "Component Class"; Value = "Capacitors"; VariantName = "[No Variations]"
Add component (AddParameter): Name = "ComponentLink1Description"; Value = "Datasheet"; VariantName = "[No Variations]"
Add component (AddParameter): Name = "ComponentLink1URL"; Value = "N.A."; VariantName = "[No Variations]"
Add component (AddParameter): Name = "ComponentLink2Description"; Value = "Supplier link"; VariantName = "[No Variations]"
Add component (AddParameter): Name = "ComponentLink2URL"; Value = "N.A."; VariantName = "[No Variations]"
Add component (AddParameter): Name = "Footprint Doc"; Value = "0603"; VariantName = "[No Variations]"
Add component (AddParameter): Name = "HelpURL"; Value = "N.A."; VariantName = "[No Variations]"
Add component (AddParameter): Name = "LatestRevisionDate"; Value = "2011-01-17"; VariantName = "[No Variations]"
Add component (AddParameter): Name = "Manufacturer"; Value = "N.A."; VariantName = "[No Variations]"
Add component (AddParameter): Name = "Manufacturer Part Number"; Value = "N.A."; VariantName = "[No Variations]"
Add component (AddParameter): Name = "Note"; Value = "6.3V"; VariantName = "[No Variations]"
Add component (AddParameter): Name = "Pad Count"; Value = "2"; VariantName = "[No Variations]"
Add component (AddParameter): Name = "Part Number"; Value = "C0603-10µ"; VariantName = "[No Variations]"
Add component (AddParameter): Name = "Part number IPS"; Value = "00000007785"; VariantName = "[No Variations]"
Add component (AddParameter): Name = "Part number Norautron"; Value = "N.A."; VariantName = "[No Variations]"
Add component (AddParameter): Name = "PartId"; Value = "100200275"; VariantName = "[No Variations]"
Add component (AddParameter): Name = "Published"; Value = "2011-01-17"; VariantName = "[No Variations]"
Add component (AddParameter): Name = "Supplier 1"; Value = "N.A."; VariantName = "[No Variations]"
Add component (AddParameter): Name = "Supplier 2"; Value = "N.A."; VariantName = "[No Variations]"
Add component (AddParameter): Name = "Supplier Part Number 1"; Value = "N.A."; VariantName = "[No Variations]"
Add component (AddParameter): Name = "Supplier Part Number 2"; Value = "N.A."; VariantName = "[No Variations]"
Add component (AddParameter): Name = "Value"; Value = "10µF"; VariantName = "[No Variations]"
Added Component: Designator=C43(CAPC1608X06L)
Add component (AddParameter): Name = "Artikkelnr Noca"; Value = "20030013"; VariantName = "[No Variations]"
Add component (AddParameter): Name = "Assembly"; Value = ""; VariantName = "[No Variations]"
Add component (AddParameter): Name = "Author"; Value = "rsk"; VariantName = "[No Variations]"
Add component (AddParameter): Name = "Component Class"; Value = "Capacitors"; VariantName = "[No Variations]"
Add component (AddParameter): Name = "ComponentLink1Description"; Value = "Datasheet"; VariantName = "[No Variations]"
Add component (AddParameter): Name = "ComponentLink1URL"; Value = "N.A."; VariantName = "[No Variations]"
Add component (AddParameter): Name = "ComponentLink2Description"; Value = "Supplier link"; VariantName = "[No Variations]"
Add component (AddParameter): Name = "ComponentLink2URL"; Value = "N.A."; VariantName = "[No Variations]"
Add component (AddParameter): Name = "Footprint Doc"; Value = "0603"; VariantName = "[No Variations]"
Add component (AddParameter): Name = "HelpURL"; Value = "N.A."; VariantName = "[No Variations]"
Add component (AddParameter): Name = "LatestRevisionDate"; Value = "2016-08-15"; VariantName = "[No Variations]"
Add component (AddParameter): Name = "Manufacturer"; Value = "N.A."; VariantName = "[No Variations]"
Add component (AddParameter): Name = "Manufacturer Part Number"; Value = "N.A."; VariantName = "[No Variations]"
Add component (AddParameter): Name = "Note"; Value = "10V"; VariantName = "[No Variations]"
Add component (AddParameter): Name = "Pad Count"; Value = "2"; VariantName = "[No Variations]"
Add component (AddParameter): Name = "Part Number"; Value = "C0603-4µ7-10V-X7S"; VariantName = "[No Variations]"
Add component (AddParameter): Name = "Part number IPS"; Value = "00000001779"; VariantName = "[No Variations]"
Add component (AddParameter): Name = "Part number Norautron"; Value = "N.A."; VariantName = "[No Variations]"
Add component (AddParameter): Name = "PartId"; Value = "100200351"; VariantName = "[No Variations]"
Add component (AddParameter): Name = "Published"; Value = "2016-08-15"; VariantName = "[No Variations]"
Add component (AddParameter): Name = "Supplier 1"; Value = "Digi-Key"; VariantName = "[No Variations]"
Add component (AddParameter): Name = "Supplier 2"; Value = "N.A."; VariantName = "[No Variations]"
Add component (AddParameter): Name = "Supplier Part Number 1"; Value = "445-14258-1-ND"; VariantName = "[No Variations]"
Add component (AddParameter): Name = "Supplier Part Number 2"; Value = "N.A."; VariantName = "[No Variations]"
Add component (AddParameter): Name = "Value"; Value = "4.7µF"; VariantName = "[No Variations]"
Added Component: Designator=C44(CAPC2013X95X50LL10T25)
Add component (AddParameter): Name = "Capacitor Type"; Value = "Ceramic"; VariantName = "[No Variations]"
Add component (AddParameter): Name = "Case/Package"; Value = "0805"; VariantName = "[No Variations]"
Add component (AddParameter): Name = "Max Operating Temperature"; Value = "125°C"; VariantName = "[No Variations]"
Add component (AddParameter): Name = "Min Operating Temperature"; Value = "-55°C"; VariantName = "[No Variations]"
Add component (AddParameter): Name = "Mounting Technology"; Value = "SM"; VariantName = "[No Variations]"
Add component (AddParameter): Name = "Pins"; Value = "2"; VariantName = "[No Variations]"
Add component (AddParameter): Name = "Ripple Current"; Value = ""; VariantName = "[No Variations]"
Add component (AddParameter): Name = "Ripple Current (AC)"; Value = ""; VariantName = "[No Variations]"
Add component (AddParameter): Name = "RoHS Compliant"; Value = "True"; VariantName = "[No Variations]"
Add component (AddParameter): Name = "Tolerance"; Value = "10%"; VariantName = "[No Variations]"
Add component (AddParameter): Name = "Value"; Value = "100nF"; VariantName = "[No Variations]"
Add component (AddParameter): Name = "Voltage Rating"; Value = "50V"; VariantName = "[No Variations]"
Added Component: Designator=C45(CAPC0805(2012)145_L)
Add component (AddParameter): Name = "Capacitor Type"; Value = ""; VariantName = "[No Variations]"
Add component (AddParameter): Name = "Case/Package"; Value = "0805"; VariantName = "[No Variations]"
Add component (AddParameter): Name = "Max Operating Temperature"; Value = "85°C"; VariantName = "[No Variations]"
Add component (AddParameter): Name = "Min Operating Temperature"; Value = "-55°C"; VariantName = "[No Variations]"
Add component (AddParameter): Name = "Mounting Technology"; Value = "SMT"; VariantName = "[No Variations]"
Add component (AddParameter): Name = "Pins"; Value = "2"; VariantName = "[No Variations]"
Add component (AddParameter): Name = "Ripple Current"; Value = ""; VariantName = "[No Variations]"
Add component (AddParameter): Name = "Ripple Current (AC)"; Value = ""; VariantName = "[No Variations]"
Add component (AddParameter): Name = "RoHS Compliant"; Value = ""; VariantName = "[No Variations]"
Add component (AddParameter): Name = "Tolerance"; Value = "10%"; VariantName = "[No Variations]"
Add component (AddParameter): Name = "Value"; Value = "100µF"; VariantName = "[No Variations]"
Add component (AddParameter): Name = "Voltage Rating"; Value = "6.3V"; VariantName = "[No Variations]"
Added Component: Designator=C46(CAPC0805(2012)145_L)
Add component (AddParameter): Name = "Capacitor Type"; Value = ""; VariantName = "[No Variations]"
Add component (AddParameter): Name = "Case/Package"; Value = "0805"; VariantName = "[No Variations]"
Add component (AddParameter): Name = "Max Operating Temperature"; Value = "85°C"; VariantName = "[No Variations]"
Add component (AddParameter): Name = "Min Operating Temperature"; Value = "-55°C"; VariantName = "[No Variations]"
Add component (AddParameter): Name = "Mounting Technology"; Value = "SMT"; VariantName = "[No Variations]"
Add component (AddParameter): Name = "Pins"; Value = "2"; VariantName = "[No Variations]"
Add component (AddParameter): Name = "Ripple Current"; Value = ""; VariantName = "[No Variations]"
Add component (AddParameter): Name = "Ripple Current (AC)"; Value = ""; VariantName = "[No Variations]"
Add component (AddParameter): Name = "RoHS Compliant"; Value = ""; VariantName = "[No Variations]"
Add component (AddParameter): Name = "Tolerance"; Value = "5%"; VariantName = "[No Variations]"
Add component (AddParameter): Name = "Value"; Value = "22µF"; VariantName = "[No Variations]"
Add component (AddParameter): Name = "Voltage Rating"; Value = "16V"; VariantName = "[No Variations]"
Added Component: Designator=C47(CAPC1608X06L)
Add component (AddParameter): Name = "Artikkelnr Noca"; Value = "20039234"; VariantName = "[No Variations]"
Add component (AddParameter): Name = "Assembly"; Value = ""; VariantName = "[No Variations]"
Add component (AddParameter): Name = "Author"; Value = "rsk"; VariantName = "[No Variations]"
Add component (AddParameter): Name = "Component Class"; Value = "Capacitors"; VariantName = "[No Variations]"
Add component (AddParameter): Name = "ComponentLink1Description"; Value = "Datasheet"; VariantName = "[No Variations]"
Add component (AddParameter): Name = "ComponentLink1URL"; Value = "N.A."; VariantName = "[No Variations]"
Add component (AddParameter): Name = "ComponentLink2Description"; Value = "Supplier link"; VariantName = "[No Variations]"
Add component (AddParameter): Name = "ComponentLink2URL"; Value = "N.A."; VariantName = "[No Variations]"
Add component (AddParameter): Name = "Footprint Doc"; Value = "0603"; VariantName = "[No Variations]"
Add component (AddParameter): Name = "HelpURL"; Value = "N.A."; VariantName = "[No Variations]"
Add component (AddParameter): Name = "LatestRevisionDate"; Value = "2011-01-17"; VariantName = "[No Variations]"
Add component (AddParameter): Name = "Manufacturer"; Value = "N.A."; VariantName = "[No Variations]"
Add component (AddParameter): Name = "Manufacturer Part Number"; Value = "N.A."; VariantName = "[No Variations]"
Add component (AddParameter): Name = "Note"; Value = "6.3V"; VariantName = "[No Variations]"
Add component (AddParameter): Name = "Pad Count"; Value = "2"; VariantName = "[No Variations]"
Add component (AddParameter): Name = "Part Number"; Value = "C0603-10µ"; VariantName = "[No Variations]"
Add component (AddParameter): Name = "Part number IPS"; Value = "00000007785"; VariantName = "[No Variations]"
Add component (AddParameter): Name = "Part number Norautron"; Value = "N.A."; VariantName = "[No Variations]"
Add component (AddParameter): Name = "PartId"; Value = "100200275"; VariantName = "[No Variations]"
Add component (AddParameter): Name = "Published"; Value = "2011-01-17"; VariantName = "[No Variations]"
Add component (AddParameter): Name = "Supplier 1"; Value = "N.A."; VariantName = "[No Variations]"
Add component (AddParameter): Name = "Supplier 2"; Value = "N.A."; VariantName = "[No Variations]"
Add component (AddParameter): Name = "Supplier Part Number 1"; Value = "N.A."; VariantName = "[No Variations]"
Add component (AddParameter): Name = "Supplier Part Number 2"; Value = "N.A."; VariantName = "[No Variations]"
Add component (AddParameter): Name = "Value"; Value = "10µF"; VariantName = "[No Variations]"
Added Component: Designator=C48(CAPC1608X06L)
Add component (AddParameter): Name = "Artikkelnr Noca"; Value = "20030013"; VariantName = "[No Variations]"
Add component (AddParameter): Name = "Assembly"; Value = ""; VariantName = "[No Variations]"
Add component (AddParameter): Name = "Author"; Value = "rsk"; VariantName = "[No Variations]"
Add component (AddParameter): Name = "Component Class"; Value = "Capacitors"; VariantName = "[No Variations]"
Add component (AddParameter): Name = "ComponentLink1Description"; Value = "Datasheet"; VariantName = "[No Variations]"
Add component (AddParameter): Name = "ComponentLink1URL"; Value = "N.A."; VariantName = "[No Variations]"
Add component (AddParameter): Name = "ComponentLink2Description"; Value = "Supplier link"; VariantName = "[No Variations]"
Add component (AddParameter): Name = "ComponentLink2URL"; Value = "N.A."; VariantName = "[No Variations]"
Add component (AddParameter): Name = "Footprint Doc"; Value = "0603"; VariantName = "[No Variations]"
Add component (AddParameter): Name = "HelpURL"; Value = "N.A."; VariantName = "[No Variations]"
Add component (AddParameter): Name = "LatestRevisionDate"; Value = "2016-08-15"; VariantName = "[No Variations]"
Add component (AddParameter): Name = "Manufacturer"; Value = "N.A."; VariantName = "[No Variations]"
Add component (AddParameter): Name = "Manufacturer Part Number"; Value = "N.A."; VariantName = "[No Variations]"
Add component (AddParameter): Name = "Note"; Value = "10V"; VariantName = "[No Variations]"
Add component (AddParameter): Name = "Pad Count"; Value = "2"; VariantName = "[No Variations]"
Add component (AddParameter): Name = "Part Number"; Value = "C0603-4µ7-10V-X7S"; VariantName = "[No Variations]"
Add component (AddParameter): Name = "Part number IPS"; Value = "00000001779"; VariantName = "[No Variations]"
Add component (AddParameter): Name = "Part number Norautron"; Value = "N.A."; VariantName = "[No Variations]"
Add component (AddParameter): Name = "PartId"; Value = "100200351"; VariantName = "[No Variations]"
Add component (AddParameter): Name = "Published"; Value = "2016-08-15"; VariantName = "[No Variations]"
Add component (AddParameter): Name = "Supplier 1"; Value = "Digi-Key"; VariantName = "[No Variations]"
Add component (AddParameter): Name = "Supplier 2"; Value = "N.A."; VariantName = "[No Variations]"
Add component (AddParameter): Name = "Supplier Part Number 1"; Value = "445-14258-1-ND"; VariantName = "[No Variations]"
Add component (AddParameter): Name = "Supplier Part Number 2"; Value = "N.A."; VariantName = "[No Variations]"
Add component (AddParameter): Name = "Value"; Value = "4.7µF"; VariantName = "[No Variations]"
Added Component: Designator=C49(CAPC2013X95X50LL10T25)
Add component (AddParameter): Name = "Capacitor Type"; Value = "Ceramic"; VariantName = "[No Variations]"
Add component (AddParameter): Name = "Case/Package"; Value = "0805"; VariantName = "[No Variations]"
Add component (AddParameter): Name = "Max Operating Temperature"; Value = "125°C"; VariantName = "[No Variations]"
Add component (AddParameter): Name = "Min Operating Temperature"; Value = "-55°C"; VariantName = "[No Variations]"
Add component (AddParameter): Name = "Mounting Technology"; Value = "SM"; VariantName = "[No Variations]"
Add component (AddParameter): Name = "Pins"; Value = "2"; VariantName = "[No Variations]"
Add component (AddParameter): Name = "Ripple Current"; Value = ""; VariantName = "[No Variations]"
Add component (AddParameter): Name = "Ripple Current (AC)"; Value = ""; VariantName = "[No Variations]"
Add component (AddParameter): Name = "RoHS Compliant"; Value = "True"; VariantName = "[No Variations]"
Add component (AddParameter): Name = "Tolerance"; Value = "10%"; VariantName = "[No Variations]"
Add component (AddParameter): Name = "Value"; Value = "100nF"; VariantName = "[No Variations]"
Add component (AddParameter): Name = "Voltage Rating"; Value = "50V"; VariantName = "[No Variations]"
Added Pin To Net: NetName=GND Pin=C7-1
Added Pin To Net: NetName=+3V3 Pin=C7-2
Added Pin To Net: NetName=GND Pin=C9-1
Added Pin To Net: NetName=+3V3 Pin=C9-2
Added Pin To Net: NetName=GND Pin=C17-1
Added Pin To Net: NetName=+3V3 Pin=C17-2
Added Pin To Net: NetName=GND Pin=C18-1
Added Pin To Net: NetName=+3V3 Pin=C18-2
Added Pin To Net: NetName=GND Pin=C19-1
Added Pin To Net: NetName=+3V3 Pin=C19-2
Added Pin To Net: NetName=GND Pin=C20-1
Added Pin To Net: NetName=+3V3 Pin=C20-2
Added Pin To Net: NetName=+3V3 Pin=C21-2
Added Pin To Net: NetName=+3V3 Pin=C23-2
Added Pin To Net: NetName=+3V3 Pin=C24-2
Added Pin To Net: NetName=+3V3 Pin=C25-2
Added Pin To Net: NetName=GND Pin=C37-1
Added Pin To Net: NetName=+12 Pin=C37-2
Added Pin To Net: NetName=GND Pin=C38-1
Added Pin To Net: NetName=+12 Pin=C38-2
Added Pin To Net: NetName=GND Pin=C39-1
Added Pin To Net: NetName=+12 Pin=C39-2
Added Pin To Net: NetName=GND Pin=C40-1
Added Pin To Net: NetName=+3V3 Pin=C40-2
Added Pin To Net: NetName=GND Pin=C41-1
Added Pin To Net: NetName=+3V3 Pin=C41-2
Added Pin To Net: NetName=GND Pin=C42-1
Added Pin To Net: NetName=+3V3 Pin=C42-2
Added Pin To Net: NetName=GND Pin=C43-1
Added Pin To Net: NetName=+3V3 Pin=C43-2
Added Pin To Net: NetName=GND Pin=C44-1
Added Pin To Net: NetName=+3V3 Pin=C44-2
Added Pin To Net: NetName=GND Pin=C45-1
Added Pin To Net: NetName=GND Pin=C45-2
Added Pin To Net: NetName=GND Pin=C46-1
Added Pin To Net: NetName=GND Pin=C46-2
Added Pin To Net: NetName=GND Pin=C47-1
Added Pin To Net: NetName=GND Pin=C47-2
Added Pin To Net: NetName=GND Pin=C48-1
Added Pin To Net: NetName=GND Pin=C48-2
Added Pin To Net: NetName=GND Pin=C49-1
Added Pin To Net: NetName=GND Pin=C49-2
Added Pin To Net: NetName=GND Pin=R6-1
Added Pin To Net: NetName=GND Pin=R9-1
Added Pin To Net: NetName=+3V3 Pin=U1-36
Added Pin To Net: NetName=+3V3 Pin=U1-48
Added Pin To Net: NetName=+3V3 Pin=U5-15
Added Pin To Net: NetName=+3V3 Pin=U5-16
Added Pin To Net: NetName=GND Pin=U6-8
Change Net Name : Old Net Name=GND New Net Name=3V3
Added Member To Class: ClassName=sheet1_mcu Member=Component C17 10µF
Added Member To Class: ClassName=sheet1_mcu Member=Component C18 4.7µF
Added Member To Class: ClassName=sheet1_mcu Member=Component C19 Capacitor 100 nF +/-10% 50 V 0805
Added Member To Class: ClassName=sheet1_mcu Member=Component C20 Capacitor 100 nF +/-10% 50 V 0805
Added Member To Class: ClassName=sheet1_mcu Member=Component C21 Capacitor 100µF +/-20% 6.3V 0805
Added Member To Class: ClassName=sheet1_mcu Member=Component C23 Capacitor 22µF +/-40% 16V 0805
Added Member To Class: ClassName=sheet1_mcu Member=Component C24 10µF
Added Member To Class: ClassName=sheet1_mcu Member=Component C25 4.7µF
Added Member To Class: ClassName=sheet4_power Member=Component C37 Capacitor 10 uF +/- 10% 16 V 1206
Added Member To Class: ClassName=sheet4_power Member=Component C38 Capacitor 4.7µF +/-40% 25V 0805
Added Member To Class: ClassName=sheet4_power Member=Component C39 Capacitor 1 uF +/- 10% 25 V 1206
Added Member To Class: ClassName=sheet3_data Member=Component C40 Capacitor 100µF +/-20% 6.3V 0805
Added Member To Class: ClassName=sheet3_data Member=Component C41 Capacitor 22µF +/-40% 16V 0805
Added Member To Class: ClassName=sheet3_data Member=Component C42 10µF
Added Member To Class: ClassName=sheet3_data Member=Component C43 4.7µF
Added Member To Class: ClassName=sheet3_data Member=Component C44 Capacitor 100 nF +/-10% 50 V 0805
Added Member To Class: ClassName=sheet3_data Member=Component C45 Capacitor 100µF +/-20% 6.3V 0805
Added Member To Class: ClassName=sheet3_data Member=Component C46 Capacitor 22µF +/-40% 16V 0805
Added Member To Class: ClassName=sheet3_data Member=Component C47 10µF
Added Member To Class: ClassName=sheet3_data Member=Component C48 4.7µF
Added Member To Class: ClassName=sheet3_data Member=Component C49 Capacitor 100 nF +/-10% 50 V 0805
Added Member To Class: ClassName=sheet2_connectors Member=Component J2 SBH11-PBPC-D20-ST-BK
Added Member To Class: ClassName=sheet2_connectors Member=Component R15 Resistor 10K  +/-1 % 0402 63 mW
