Replace Part C1 C0603-1µ0 in C:\Users\Public\Documents\Altium\global_pcb\sheet1_mcu.SchDoc with C0603-1µ0 from pca10040.IntLib
Replace Part C2 C0402-12p in C:\Users\Public\Documents\Altium\global_pcb\sheet1_mcu.SchDoc with C0402-12p from pca10040.IntLib
Replace Part C3 C0402-12p in C:\Users\Public\Documents\Altium\global_pcb\sheet1_mcu.SchDoc with C0402-12p from pca10040.IntLib
Replace Part C4 C0402-12p in C:\Users\Public\Documents\Altium\global_pcb\sheet1_mcu.SchDoc with C0402-12p from pca10040.IntLib
Replace Part C5 C0402-12p in C:\Users\Public\Documents\Altium\global_pcb\sheet1_mcu.SchDoc with C0402-12p from pca10040.IntLib
Replace Part C6 C0402-100n in C:\Users\Public\Documents\Altium\global_pcb\sheet1_mcu.SchDoc with C0402-100n from pca10040.IntLib
Replace Part C7 C0603-4µ7 in C:\Users\Public\Documents\Altium\global_pcb\sheet1_mcu.SchDoc with C0603-4µ7 from pca10040.IntLib
Replace Part C8 C0402-12p in C:\Users\Public\Documents\Altium\global_pcb\sheet1_mcu.SchDoc with C0402-12p from pca10040.IntLib
Replace Part C9 C0402-100n in C:\Users\Public\Documents\Altium\global_pcb\sheet1_mcu.SchDoc with C0402-100n from pca10040.IntLib
Replace Part C10 C0402-100p in C:\Users\Public\Documents\Altium\global_pcb\sheet1_mcu.SchDoc with C0402-100p from pca10040.IntLib
Replace Part C11 C0402-12p in C:\Users\Public\Documents\Altium\global_pcb\sheet1_mcu.SchDoc with C0402-12p from pca10040.IntLib
Replace Part C12 C0402-N.C. in C:\Users\Public\Documents\Altium\global_pcb\sheet1_mcu.SchDoc with C0402-N.C. from pca10040.IntLib
Replace Part C13 C0402-0.8p in C:\Users\Public\Documents\Altium\global_pcb\sheet1_mcu.SchDoc with C0402-0.8p from pca10040.IntLib
Replace Part C14 C0402-N.C. in C:\Users\Public\Documents\Altium\global_pcb\sheet1_mcu.SchDoc with C0402-N.C. from pca10040.IntLib
Replace Part C15 C0402-1.2p in C:\Users\Public\Documents\Altium\global_pcb\sheet1_mcu.SchDoc with C0402-1.2p from pca10040.IntLib
Replace Part C16 C0402-100n in C:\Users\Public\Documents\Altium\global_pcb\sheet1_mcu.SchDoc with C0402-100n from pca10040.IntLib
Replace Part J1 MM8130-2600 in C:\Users\Public\Documents\Altium\global_pcb\sheet1_mcu.SchDoc with MM8130-2600 from pca10040.IntLib
Replace Part L1 L0402-15n in C:\Users\Public\Documents\Altium\global_pcb\sheet1_mcu.SchDoc with L0402-15n from pca10040.IntLib
Replace Part L2 L0603-10µ in C:\Users\Public\Documents\Altium\global_pcb\sheet1_mcu.SchDoc with L0603-10µ from pca10040.IntLib
Replace Part L3 L0402-3n9 in C:\Users\Public\Documents\Altium\global_pcb\sheet1_mcu.SchDoc with L0402-3n9 from pca10040.IntLib
Replace Part SB9 Solderbridge Shorted in C:\Users\Public\Documents\Altium\global_pcb\sheet1_mcu.SchDoc with Solderbridge Shorted from pca10040.IntLib
Replace Part SB10 Solderbridge in C:\Users\Public\Documents\Altium\global_pcb\sheet1_mcu.SchDoc with Solderbridge from pca10040.IntLib
Replace Part TP1 TP_SMD_Ø1.0MM in C:\Users\Public\Documents\Altium\global_pcb\sheet1_mcu.SchDoc with TP_SMD_Ø1.0MM from pca10040.IntLib
Replace Part U1 nRF52832-QFAAG0 in C:\Users\Public\Documents\Altium\global_pcb\sheet1_mcu.SchDoc with nRF52832-QFAAG0 from pca10040.IntLib
Replace Part X1 XTAL_SMD2016_32MHz_8pF_Epson in C:\Users\Public\Documents\Altium\global_pcb\sheet1_mcu.SchDoc with XTAL_SMD2016_32MHz_8pF_Epson from pca10040.IntLib
Replace Part X2 XTAL_SMD3215_32.768kHz_9pF_Epson in C:\Users\Public\Documents\Altium\global_pcb\sheet1_mcu.SchDoc with XTAL_SMD3215_32.768kHz_9pF_Epson from pca10040.IntLib
