Update Managed Component C40 From CMP-001-00054-4[Capacitor 100µF +/-20% 6.3V 0805] To CMP-001-00054-4[Capacitor 100µF +/-20% 6.3V 0805] in sheet3_data.SchDoc
Update Managed Component C41 From CMP-001-00081-4[Capacitor 22µF +/-40% 16V 0805] To CMP-001-00081-4[Capacitor 22µF +/-40% 16V 0805] in sheet3_data.SchDoc
Replace Part C42 C0603-10µ in C:\Users\Public\Documents\Altium\global_pcb\sheet3_data.SchDoc with C0603-10µ from pca10040.IntLib
Replace Part C43 C0603-4µ7-10V-X7S in C:\Users\Public\Documents\Altium\global_pcb\sheet3_data.SchDoc with C0603-4µ7-10V-X7S from pca10040.IntLib
Update Managed Component C44 From CMP-001-00018-6[Capacitor 100 nF +/-10% 50 V 0805] To CMP-001-00018-6[Capacitor 100 nF +/-10% 50 V 0805] in sheet3_data.SchDoc
Update Managed Component C45 From CMP-001-00054-4[Capacitor 100µF +/-20% 6.3V 0805] To CMP-001-00054-4[Capacitor 100µF +/-20% 6.3V 0805] in sheet3_data.SchDoc
Update Managed Component C46 From CMP-001-00081-4[Capacitor 22µF +/-40% 16V 0805] To CMP-001-00081-4[Capacitor 22µF +/-40% 16V 0805] in sheet3_data.SchDoc
Replace Part C47 C0603-10µ in C:\Users\Public\Documents\Altium\global_pcb\sheet3_data.SchDoc with C0603-10µ from pca10040.IntLib
Replace Part C48 C0603-4µ7-10V-X7S in C:\Users\Public\Documents\Altium\global_pcb\sheet3_data.SchDoc with C0603-4µ7-10V-X7S from pca10040.IntLib
Update Managed Component C49 From CMP-001-00018-6[Capacitor 100 nF +/-10% 50 V 0805] To CMP-001-00018-6[Capacitor 100 nF +/-10% 50 V 0805] in sheet3_data.SchDoc
Update Managed Component CR2 From CMP-017-000000-1[SMAJ12CA] To CMP-017-000000-1[SMAJ12CA] in sheet3_data.SchDoc
Update Managed Component CR3 From CMP-017-000000-1[SMAJ12CA] To CMP-017-000000-1[SMAJ12CA] in sheet3_data.SchDoc
Update Managed Component CR4 From CMP-017-000000-1[SMAJ12CA] To CMP-017-000000-1[SMAJ12CA] in sheet3_data.SchDoc
Update Managed Component Q1 From CMP-013-00004-3[S8550] To CMP-013-00004-3[S8550] in sheet3_data.SchDoc
Update Managed Component R5 From CMP-009-00030-5[Resistor 4k7 +/-1% 0402 100 mW] To CMP-009-00030-5[Resistor 4k7 +/-1% 0402 100 mW] in sheet3_data.SchDoc
Update Managed Component R6 From CMP-009-00030-5[Resistor 4k7 +/-1% 0402 100 mW] To CMP-009-00030-5[Resistor 4k7 +/-1% 0402 100 mW] in sheet3_data.SchDoc
Update Managed Component R7 From CMP-009-00176-3[Resistor 120R +/-5 % 0603 0.1 W] To CMP-009-00176-3[Resistor 120R +/-5 % 0603 0.1 W] in sheet3_data.SchDoc
Update Managed Component R8 From CMP-009-00030-5[Resistor 4k7 +/-1% 0402 100 mW] To CMP-009-00030-5[Resistor 4k7 +/-1% 0402 100 mW] in sheet3_data.SchDoc
Update Managed Component R9 From CMP-009-00030-5[Resistor 4k7 +/-1% 0402 100 mW] To CMP-009-00030-5[Resistor 4k7 +/-1% 0402 100 mW] in sheet3_data.SchDoc
Update Managed Component R10 From CMP-009-00143-4[Resistor 33R  +/-5 % 0402 63 mW] To CMP-009-00143-4[Resistor 33R  +/-5 % 0402 63 mW] in sheet3_data.SchDoc
Update Managed Component R11 From CMP-009-00143-4[Resistor 33R  +/-5 % 0402 63 mW] To CMP-009-00143-4[Resistor 33R  +/-5 % 0402 63 mW] in sheet3_data.SchDoc
Update Managed Component R12 From CMP-009-00143-4[Resistor 33R  +/-5 % 0402 63 mW] To CMP-009-00143-4[Resistor 33R  +/-5 % 0402 63 mW] in sheet3_data.SchDoc
Update Managed Component R13 From CMP-009-00143-4[Resistor 33R  +/-5 % 0402 63 mW] To CMP-009-00143-4[Resistor 33R  +/-5 % 0402 63 mW] in sheet3_data.SchDoc
Update Managed Component U5 From CMP-021-000000-1[MCP3008T-I/SL] To CMP-021-000000-1[MCP3008T-I/SL] in sheet3_data.SchDoc
Update Managed Component U6 From CMP-014-000000-1[SP3485EN-L] To CMP-014-000000-1[SP3485EN-L] in sheet3_data.SchDoc
