Update Managed Component C33 From CMP-001-00054-4[Capacitor 100µF +/-20% 6.3V 0805] To CMP-001-00054-4[Capacitor 100µF +/-20% 6.3V 0805] in sheet2_connectors.SchDoc
Update Managed Component C34 From CMP-001-00081-4[Capacitor 22µF +/-40% 16V 0805] To CMP-001-00081-4[Capacitor 22µF +/-40% 16V 0805] in sheet2_connectors.SchDoc
Replace Part C35 C0603-10µ in C:\Users\Public\Documents\Altium\global_pcb\sheet2_connectors.SchDoc with C0603-10µ from pca10040.IntLib
Replace Part C36 C0603-4µ7-10V-X7S in C:\Users\Public\Documents\Altium\global_pcb\sheet2_connectors.SchDoc with C0603-4µ7-10V-X7S from pca10040.IntLib
Update Managed Component J2 From CMP-010-000000-4[SBH11-PBPC-D20-ST-BK] To CMP-010-000000-4[SBH11-PBPC-D20-ST-BK] in sheet2_connectors.SchDoc
Update Managed Component J3 From CMP-002-00073-1[B4B-XH-A] To CMP-002-00073-1[B4B-XH-A] in sheet2_connectors.SchDoc
Update Managed Component J4 From CMP-002-00073-1[B4B-XH-A] To CMP-002-00073-1[B4B-XH-A] in sheet2_connectors.SchDoc
Update Managed Component J5 From CMP-002-00073-1[B4B-XH-A] To CMP-002-00073-1[B4B-XH-A] in sheet2_connectors.SchDoc
Update Managed Component J6 From CMP-002-00073-1[B4B-XH-A] To CMP-002-00073-1[B4B-XH-A] in sheet2_connectors.SchDoc
Update Managed Component J7 From CMP-002-00073-1[B4B-XH-A] To CMP-002-00073-1[B4B-XH-A] in sheet2_connectors.SchDoc
Update Managed Component J8 From CMP-002-00076-1[B5B-XH-A] To CMP-002-00076-1[B5B-XH-A] in sheet2_connectors.SchDoc
Update Managed Component J9 From CMP-002-00076-1[B5B-XH-A] To CMP-002-00076-1[B5B-XH-A] in sheet2_connectors.SchDoc
Update Managed Component J10 From CMP-002-00076-1[B5B-XH-A] To CMP-002-00076-1[B5B-XH-A] in sheet2_connectors.SchDoc
Update Managed Component J11 From CMP-002-00076-1[B5B-XH-A] To CMP-002-00076-1[B5B-XH-A] in sheet2_connectors.SchDoc
Update Managed Component J12 From CMP-032-000000-1[B2B-XH-A] To CMP-032-000000-1[B2B-XH-A] in sheet2_connectors.SchDoc
Update Managed Component J13 From CMP-091-000000-1[S5B-ZR-SM4A-TF LF SN] To CMP-091-000000-1[S5B-ZR-SM4A-TF LF SN] in sheet2_connectors.SchDoc
Update Managed Component J14 From CMP-091-000000-1[S5B-ZR-SM4A-TF LF SN] To CMP-091-000000-1[S5B-ZR-SM4A-TF LF SN] in sheet2_connectors.SchDoc
Update Managed Component J15 From CMP-091-000000-1[S5B-ZR-SM4A-TF LF SN] To CMP-091-000000-1[S5B-ZR-SM4A-TF LF SN] in sheet2_connectors.SchDoc
Update Managed Component J16 From CMP-091-000000-1[S5B-ZR-SM4A-TF LF SN] To CMP-091-000000-1[S5B-ZR-SM4A-TF LF SN] in sheet2_connectors.SchDoc
Replace Part P1 Pin Header 2x5 SMD, 1.27mm, KS in C:\Users\Public\Documents\Altium\global_pcb\sheet2_connectors.SchDoc with Pin Header 2x5 SMD, 1.27mm, KS from pca10040.IntLib
Update Managed Component R1 From CMP-009-00019-5[Resistor 10k +/-1% 0402 63 mW] To CMP-009-00019-5[Resistor 10k +/-1% 0402 63 mW] in sheet2_connectors.SchDoc
Update Managed Component R2 From CMP-009-00019-5[Resistor 10k +/-1% 0402 63 mW] To CMP-009-00019-5[Resistor 10k +/-1% 0402 63 mW] in sheet2_connectors.SchDoc
Update Managed Component R3 From CMP-009-00176-3[Resistor 120R +/-5 % 0603 0.1 W] To CMP-009-00176-3[Resistor 120R +/-5 % 0603 0.1 W] in sheet2_connectors.SchDoc
Update Managed Component R15 From CMP-009-00149-3[Resistor 10K  +/-1 % 0402 63 mW] To CMP-009-00149-3[Resistor 10K  +/-1 % 0402 63 mW] in sheet2_connectors.SchDoc
Replace Part TP5 TP_SMD_Ø1.0MM in C:\Users\Public\Documents\Altium\global_pcb\sheet2_connectors.SchDoc with TP_SMD_Ø1.0MM from pca10040.IntLib
